0 info it worked if it ends with ok
1 verbose cli [ '/usr/bin/node',
1 verbose cli   '/usr/bin/npm',
1 verbose cli   'publish',
1 verbose cli   '--access',
1 verbose cli   'public' ]
2 info using npm@3.10.10
3 info using node@v6.10.2
4 verbose publish [ '.' ]
5 silly cache add args [ '.', null ]
6 verbose cache add spec .
7 silly cache add parsed spec Result {
7 silly cache add   raw: '.',
7 silly cache add   scope: null,
7 silly cache add   escapedName: null,
7 silly cache add   name: null,
7 silly cache add   rawSpec: '.',
7 silly cache add   spec: '/usr/src/app',
7 silly cache add   type: 'directory' }
8 verbose addLocalDirectory /root/.npm/@kushki/sns-gateway/0.0.5/package.tgz not in flight; packing
9 verbose correctMkdir /root/.npm correctMkdir not in flight; initializing
10 verbose makeDirectory /root/.npm creation not in flight; initializing
11 silly makeDirectory /root/.npm uid: 0 gid: 0
12 info lifecycle @kushki/sns-gateway@0.0.5~prepublish: @kushki/sns-gateway@0.0.5
13 silly lifecycle @kushki/sns-gateway@0.0.5~prepublish: no script for prepublish, continuing
14 verbose tar pack [ '/root/.npm/@kushki/sns-gateway/0.0.5/package.tgz',
14 verbose tar pack   '/usr/src/app' ]
15 verbose tarball /root/.npm/@kushki/sns-gateway/0.0.5/package.tgz
16 verbose folder /usr/src/app
17 verbose addLocalTarball adding from inside cache /root/.npm/@kushki/sns-gateway/0.0.5/package.tgz
18 verbose correctMkdir /root/.npm correctMkdir not in flight; initializing
19 silly cache afterAdd @kushki/sns-gateway@0.0.5
20 verbose afterAdd /root/.npm/@kushki/sns-gateway/0.0.5/package/package.json not in flight; writing
21 verbose correctMkdir /root/.npm correctMkdir not in flight; initializing
22 verbose afterAdd /root/.npm/@kushki/sns-gateway/0.0.5/package/package.json written
23 silly publish { name: '@kushki/sns-gateway',
23 silly publish   version: '0.0.5',
23 silly publish   description: 'Kushki SNS Gateway for managing AWS events.',
23 silly publish   main: 'dist/src/KushkiSnsGateway.js',
23 silly publish   typings: 'src/KushkiSnsGateway',
23 silly publish   scripts:
23 silly publish    { test: 'yarn run test:unit && yarn run test:integration',
23 silly publish      'test:unit': 'mocha test/unit/**.ts',
23 silly publish      'test:coverage': 'nyc yarn run test:unit',
23 silly publish      'test:integration': 'mocha test/integration/**.ts',
23 silly publish      'test:functional': 'mocha test/functional/',
23 silly publish      'yarn:install': 'yarn install && chmod -R 644 node_modules',
23 silly publish      'lint:duplicate': 'yarn run jscpd',
23 silly publish      'lint:check': 'tslint --project \'tsconfig.json\' --type-check -c tslint.json \'src/**/*.ts\' \'test/**/*.ts\'',
23 silly publish      'lint:fix': 'tslint --project \'tsconfig.json\' --type-check -c tslint.json --fix \'src/**/*.ts\' \'test/**/*.ts\'',
23 silly publish      'tsc:typing': 'typings install',
23 silly publish      'tsc:compile': 'tsc',
23 silly publish      deploy: 'npm-cli-login && npm publish --access public',
23 silly publish      'ci-publish': 'ci-publish' },
23 silly publish   repository:
23 silly publish    { type: 'git',
23 silly publish      url: 'git+https://github.com/Kushki/kushki-sns-gateway.git' },
23 silly publish   keywords: [ 'SNS', 'AWS', 'gateway', 'typescript' ],
23 silly publish   author: { name: 'Kushki Dev' },
23 silly publish   license: 'ISC',
23 silly publish   bugs: { url: 'https://github.com/Kushki/kushki-sns-gateway/issues' },
23 silly publish   homepage: 'https://github.com/Kushki/kushki-sns-gateway#readme',
23 silly publish   devDependencies:
23 silly publish    { '@kushki/sns-gateway': '^0.0.2',
23 silly publish      'aws-sdk-mock': '^1.7.0',
23 silly publish      'babel-core': '^6.24.1',
23 silly publish      'babel-loader': '^7.0.0',
23 silly publish      'babel-polyfill': '^6.23.0',
23 silly publish      'babel-preset-babili': '^0.1.2',
23 silly publish      'babel-preset-env': '^1.5.0',
23 silly publish      'babel-preset-es2015': '^6.24.1',
23 silly publish      'babel-preset-stage-0': '^6.24.1',
23 silly publish      chai: '^4.0.0',
23 silly publish      'chai-as-promised': '^6.0.0',
23 silly publish      'ci-publish': '^1.3.0',
23 silly publish      jscpd: '^0.6.11',
23 silly publish      'json-schema-faker': '^0.5.0-rc3',
23 silly publish      mocha: '^3.4.2',
23 silly publish      nyc: '^10.3.2',
23 silly publish      'tsconfig-paths': '^2.1.2',
23 silly publish      tslint: '^5.3.2',
23 silly publish      'tslint-eslint-rules': '^4.1.0',
23 silly publish      'tslint-microsoft-contrib': '^5.0.0',
23 silly publish      typescript: '^2.3.3',
23 silly publish      typings: '^2.1.1' },
23 silly publish   nyc:
23 silly publish    { include: [ 'src/*.ts', 'src/**/*.ts' ],
23 silly publish      exclude: [ 'typings', 'typings.d.ts', 'node_modules' ],
23 silly publish      extension: [ '.ts' ],
23 silly publish      require: [ 'ts-node/register' ],
23 silly publish      reporter: [ 'text', 'html', 'json' ],
23 silly publish      all: true,
23 silly publish      'check-coverage': true,
23 silly publish      lines: 90,
23 silly publish      branches: 80,
23 silly publish      functions: 80,
23 silly publish      statements: 80 },
23 silly publish   dependencies:
23 silly publish    { ajv: '^5.1.3',
23 silly publish      'aws-sdk': '^2.57.0',
23 silly publish      'npm-cli-login': '^0.0.10',
23 silly publish      'ts-node': '^3.0.4' },
23 silly publish   gitHead: '162685a881ef2206d16e2d04d8ecdbd5aacb5e69',
23 silly publish   readme: 'ERROR: No README data found!',
23 silly publish   _id: '@kushki/sns-gateway@0.0.5',
23 silly publish   _shasum: 'dee2f38c0713ab2e41c2044f3ce7fe90fa63cfd7',
23 silly publish   _from: '.' }
24 verbose getPublishConfig undefined
25 silly mapToRegistry name @kushki/sns-gateway
26 silly mapToRegistry scope (from package name) @kushki
27 verbose mapToRegistry no registry URL found in name for scope @kushki
28 silly mapToRegistry using default registry
29 silly mapToRegistry registry https://registry.npmjs.org/
30 silly mapToRegistry data Result {
30 silly mapToRegistry   raw: '@kushki/sns-gateway',
30 silly mapToRegistry   scope: '@kushki',
30 silly mapToRegistry   escapedName: '@kushki%2fsns-gateway',
30 silly mapToRegistry   name: '@kushki/sns-gateway',
30 silly mapToRegistry   rawSpec: '',
30 silly mapToRegistry   spec: 'latest',
30 silly mapToRegistry   type: 'tag' }
31 silly mapToRegistry uri https://registry.npmjs.org/@kushki%2fsns-gateway
32 verbose publish registryBase https://registry.npmjs.org/
33 silly publish uploading /root/.npm/@kushki/sns-gateway/0.0.5/package.tgz
34 verbose stack Error: auth required for publishing
34 verbose stack     at CachingRegistryClient.publish (/usr/lib/node_modules/npm/node_modules/npm-registry-client/lib/publish.js:30:14)
34 verbose stack     at /usr/lib/node_modules/npm/lib/publish.js:138:14
34 verbose stack     at mapToRegistry (/usr/lib/node_modules/npm/lib/utils/map-to-registry.js:62:3)
34 verbose stack     at publish_ (/usr/lib/node_modules/npm/lib/publish.js:107:3)
34 verbose stack     at Array.<anonymous> (/usr/lib/node_modules/npm/node_modules/slide/lib/bind-actor.js:15:8)
34 verbose stack     at LOOP (/usr/lib/node_modules/npm/node_modules/slide/lib/chain.js:15:14)
34 verbose stack     at LOOP (/usr/lib/node_modules/npm/node_modules/slide/lib/chain.js:14:28)
34 verbose stack     at chain (/usr/lib/node_modules/npm/node_modules/slide/lib/chain.js:20:5)
34 verbose stack     at /usr/lib/node_modules/npm/lib/publish.js:73:5
34 verbose stack     at RES (/usr/lib/node_modules/npm/node_modules/inflight/inflight.js:23:14)
35 verbose cwd /usr/src/app
36 error Linux 4.9.27-moby
37 error argv "/usr/bin/node" "/usr/bin/npm" "publish" "--access" "public"
38 error node v6.10.2
39 error npm  v3.10.10
40 error code ENEEDAUTH
41 error need auth auth required for publishing
42 error need auth You need to authorize this machine using `npm adduser`
43 verbose exit [ 1, true ]
